Build started 14/03/2014 14:46:28.
     1>Project "C:\Users\Simon\Documents\Visual Studio 2012\Projects\Monopoly 2.0\Monopoly 2.0\Monopoly 2.0.vcxproj" on node 2 (Build target(s)).
     1>ClCompile:
         C:\Program Files (x86)\Microsoft Visual Studio 11.0\VC\bin\CL.exe /c /ZI /nologo /W3 /WX- /sdl /Od /Oy- /D WIN32 /D _DEBUG /D _CONSOLE /D _UNICODE /D UNICODE /Gm /EHsc /RTC1 /MDd /GS /fp:precise /Zc:wchar_t /Zc:forScope /FAs /Fa"Debug\\" /Fo"Debug\\" /Fd"Debug\vc110.pdb" /Gd /TP /analyze- /errorReport:prompt Penalty.cpp
         Penalty.cpp
     1>c:\users\simon\documents\visual studio 2012\projects\monopoly 2.0\monopoly 2.0\consts.h(25): warning C4309: 'initializing' : truncation of constant value
       Link:
         C:\Program Files (x86)\Microsoft Visual Studio 11.0\VC\bin\link.exe /ERRORREPORT:PROMPT /OUT:"C:\Users\Simon\Documents\Visual Studio 2012\Projects\Monopoly 2.0\Debug\Monopoly 2.0.exe" /INCREMENTAL /NOLOGO kernel32.lib user32.lib gdi32.lib winspool.lib comdlg32.lib advapi32.lib shell32.lib ole32.lib oleaut32.lib uuid.lib odbc32.lib odbccp32.lib /MANIFEST /MANIFESTUAC:"level='asInvoker' uiAccess='false'" /manifest:embed /DEBUG /PDB:"C:\Users\Simon\Documents\Visual Studio 2012\Projects\Monopoly 2.0\Debug\Monopoly 2.0.pdb" /SUBSYSTEM:CONSOLE /TLBID:1 /DYNAMICBASE /NXCOMPAT /IMPLIB:"C:\Users\Simon\Documents\Visual Studio 2012\Projects\Monopoly 2.0\Debug\Monopoly 2.0.lib" /MACHINE:X86 Debug\Airport.obj
         Debug\Bonus.obj
         Debug\FreeParking.obj
         Debug\Game.obj
         Debug\Go.obj
         Debug\GoToJail.obj
         Debug\Jail.obj
         Debug\Monopoly.obj
         Debug\Penalty.obj
         Debug\Player.obj
         Debug\SpecialSquare.obj
         Debug\Square.obj
         Debug\Street.obj
         Monopoly 2.0.vcxproj -> C:\Users\Simon\Documents\Visual Studio 2012\Projects\Monopoly 2.0\Debug\Monopoly 2.0.exe
     1>Done Building Project "C:\Users\Simon\Documents\Visual Studio 2012\Projects\Monopoly 2.0\Monopoly 2.0\Monopoly 2.0.vcxproj" (Build target(s)).

Build succeeded.

Time Elapsed 00:00:08.48
